<?xml version="1.0" encoding="UTF-8"?>
<!-- Generated by org.testng.reporters.JUnitReportReporter -->
<testsuite hostname="F85TG00L" failures="0" tests="2" name="testCases.TestClass" time="2.432" errors="0" timestamp="2020-04-25T20:34:49 IST" skipped="1">
  <testcase classname="testCases.TestClass" name="samplePOSTCall" time="2.432"/>
  <system-out/>
  <testcase classname="testCases.TestClass" name="sampleGETCall">
    <skipped/>
  </testcase> <!-- sampleGETCall -->
  <system-out/>
</testsuite> <!-- testCases.TestClass -->
