<?xml version="1.0" encoding="UTF-8"?>
<!-- Generated by org.testng.reporters.JUnitReportReporter -->
<testsuite hostname="F85TG00L" failures="0" tests="5" name="testCases.TestClass" time="2.896" errors="0" timestamp="2020-04-26T22:45:44 IST" skipped="4">
  <testcase classname="testCases.TestClass" name="sampleDELETECall" time="2.896"/>
  <system-out/>
  <testcase classname="testCases.TestClass" name="authenticationTest">
    <skipped/>
  </testcase> <!-- authenticationTest -->
  <system-out/>
  <testcase classname="testCases.TestClass" name="sampleGETCall">
    <skipped/>
  </testcase> <!-- sampleGETCall -->
  <system-out/>
  <testcase classname="testCases.TestClass" name="samplePUTCall">
    <skipped/>
  </testcase> <!-- samplePUTCall -->
  <system-out/>
  <testcase classname="testCases.TestClass" name="samplePOSTCall">
    <skipped/>
  </testcase> <!-- samplePOSTCall -->
  <system-out/>
</testsuite> <!-- testCases.TestClass -->
